<?xml version="1.0" encoding="UTF-8"?>
<!-- Generated by org.testng.reporters.JUnitXMLReporter -->
<testsuite ignored="1" hostname="Shyam_Why" failures="2" tests="8" name="Test" time="48.053" errors="0" timestamp="2022-08-12T12:56:35 IST">
  <testcase classname="TestCases.ContactPageTest" name="validateContactPage" time="1.027"/>
  <testcase classname="TestCases.ContactPageTest" name="validateContactPageValidSuccess" time="11.125"/>
  <testcase classname="TestCases.ContactPageTest" name="validateContactPageValidSuccess" time="14.536"/>
  <testcase classname="TestCases.ContactPageTest" name="validateContactPageValidSuccess" time="5.026"/>
  <testcase classname="TestCases.ContactPageTest" name="validateContactPageValidSuccess" time="6.99"/>
  <testcase classname="TestCases.ContactPageTest" name="validateContactPageValidSuccess" time="9.26"/>
  <testcase classname="TestCases.VerifyCartItemsTest" name="addItemsAndVerify" time="0.001">
    <failure type="java.lang.NullPointerException" message="Cannot invoke &amp;quot;org.openqa.selenium.WebDriver.findElement(org.openqa.selenium.By)&amp;quot; because &amp;quot;this.driver&amp;quot; is null">
      <![CDATA[java.lang.NullPointerException: Cannot invoke "org.openqa.selenium.WebDriver.findElement(org.openqa.selenium.By)" because "this.driver" is null
at TestCases.VerifyCartItemsTest.addItemsAndVerify(VerifyCartItemsTest.java:30)
at java.base/java.util.ArrayList.forEach(ArrayList.java:1511)
... Removed 27 stack frames]]>
    </failure>
  </testcase> <!-- addItemsAndVerify -->
  <testcase classname="TestCases.VerifyCartItemsTest" name="addItemsAndVerifyCartPrice" time="0.001">
    <failure type="java.lang.NullPointerException" message="Cannot invoke &amp;quot;org.openqa.selenium.WebDriver.findElement(org.openqa.selenium.By)&amp;quot; because &amp;quot;this.driver&amp;quot; is null">
      <![CDATA[java.lang.NullPointerException: Cannot invoke "org.openqa.selenium.WebDriver.findElement(org.openqa.selenium.By)" because "this.driver" is null
at TestCases.VerifyCartItemsTest.addItemsAndVerifyCartPrice(VerifyCartItemsTest.java:64)
at java.base/java.util.ArrayList.forEach(ArrayList.java:1511)
... Removed 27 stack frames]]>
    </failure>
  </testcase> <!-- addItemsAndVerifyCartPrice -->
  <testcase classname="Testbase.BaseClass" name="@BeforeSuite setup" time="0.0">
    <ignored/>
  </testcase> <!-- @BeforeSuite setup -->
</testsuite> <!-- Test -->
