<?xml version="1.0" encoding="UTF-8"?>
<testng-results ignored="0" total="1" passed="1" failed="0" skipped="0">
  <reporter-output>
  </reporter-output>
  <suite started-at="2022-08-12T07:41:38 IST" name="Default suite" finished-at="2022-08-12T07:41:40 IST" duration-ms="2077">
    <groups>
    </groups>
    <test started-at="2022-08-12T07:41:38 IST" name="Default test" finished-at="2022-08-12T07:41:40 IST" duration-ms="2077">
      <class name="TestCases.ContactPageTest">
        <test-method is-config="true" signature="setup()[pri:0, instance:TestCases.ContactPageTest@21e360a]" started-at="2022-08-12T07:41:33 IST" name="setup" finished-at="2022-08-12T07:41:38 IST" duration-ms="4547" status="PASS">
          <reporter-output>
          </reporter-output>
        </test-method> <!-- setup -->
        <test-method is-config="true" signature="before()[pri:0, instance:TestCases.ContactPageTest@21e360a]" started-at="2022-08-12T07:41:38 IST" name="before" finished-at="2022-08-12T07:41:38 IST" duration-ms="4" status="PASS">
          <reporter-output>
          </reporter-output>
        </test-method> <!-- before -->
        <test-method signature="validateContactPage()[pri:1, instance:TestCases.ContactPageTest@21e360a]" started-at="2022-08-12T07:41:38 IST" name="validateContactPage" finished-at="2022-08-12T07:41:40 IST" duration-ms="2016" status="PASS">
          <reporter-output>
          </reporter-output>
        </test-method> <!-- validateContactPage -->
      </class> <!-- TestCases.ContactPageTest -->
    </test> <!-- Default test -->
  </suite> <!-- Default suite -->
</testng-results>
