<?xml version="1.0" encoding="UTF-8"?>
<!-- Generated by org.testng.reporters.JUnitXMLReporter -->
<testsuite ignored="1" hostname="Shyam_Why" failures="0" tests="1" name="Default test" time="2.897" errors="0" timestamp="2022-08-12T11:19:00 IST">
  <testcase classname="TestCases.VerifyCartItemsTest" name="addItemsAndVerifyCartPrice" time="2.852"/>
  <testcase classname="TestCases.VerifyCartItemsTest" name="addItemsAndVerify" time="0.0">
    <ignored/>
  </testcase> <!-- addItemsAndVerify -->
</testsuite> <!-- Default test -->
