<?xml version="1.0" encoding="UTF-8"?>
<!-- Generated by org.testng.reporters.JUnitXMLReporter -->
<testsuite ignored="1" hostname="Shyam_Why" failures="0" tests="1" name="Default test" time="0.996" errors="0" timestamp="2022-08-12T09:13:34 IST">
  <testcase classname="TestCases.ContactPageTest" name="validateContactPage" time="0.941"/>
  <testcase classname="TestCases.ContactPageTest" name="validateContactPageValidSuccess" time="0.0">
    <ignored/>
  </testcase> <!-- validateContactPageValidSuccess -->
</testsuite> <!-- Default test -->
